{"/home/lleonesouza/Desktop/modules/e-fake-data/src/index.ts": {"path":"/home/lleonesouza/Desktop/modules/e-fake-data/src/index.ts","statementMap":{"0":{"start":{"line":1,"column":13},"end":{"line":1,"column":null}},"1":{"start":{"line":1,"column":53},"end":{"line":1,"column":null}}},"fnMap":{"0":{"name":"(anonymous_0)","decl":{"start":{"line":1,"column":19},"end":{"line":1,"column":20}},"loc":{"start":{"line":1,"column":40},"end":{"line":1,"column":54}}}},"branchMap":{},"s":{"0":1,"1":1},"f":{"0":1},"b":{}}
}
